mode: set
github.com/fenthope/compress/compress.go:103.51,103.74 1 1
github.com/fenthope/compress/compress.go:104.51,104.80 1 1
github.com/fenthope/compress/compress.go:108.22,109.58 1 1
github.com/fenthope/compress/compress.go:109.58,112.39 3 1
github.com/fenthope/compress/compress.go:112.39,114.4 1 0
github.com/fenthope/compress/compress.go:114.9,114.24 1 1
github.com/fenthope/compress/compress.go:114.24,116.4 1 0
github.com/fenthope/compress/compress.go:118.3,119.28 1 1
github.com/fenthope/compress/compress.go:119.28,123.5 2 1
github.com/fenthope/compress/compress.go:134.53,134.75 1 1
github.com/fenthope/compress/compress.go:135.53,135.81 1 1
github.com/fenthope/compress/compress.go:139.25,140.60 1 1
github.com/fenthope/compress/compress.go:140.60,143.40 3 1
github.com/fenthope/compress/compress.go:143.40,145.4 1 0
github.com/fenthope/compress/compress.go:146.3,147.28 1 1
github.com/fenthope/compress/compress.go:147.28,150.5 2 1
github.com/fenthope/compress/compress.go:166.66,166.89 1 0
github.com/fenthope/compress/compress.go:167.66,167.95 1 1
github.com/fenthope/compress/compress.go:168.66,168.95 1 1
github.com/fenthope/compress/compress.go:169.66,169.96 1 1
github.com/fenthope/compress/compress.go:173.22,176.27 1 1
github.com/fenthope/compress/compress.go:176.27,180.4 2 0
github.com/fenthope/compress/compress.go:184.13,188.2 3 1
github.com/fenthope/compress/compress.go:191.109,192.18 1 1
github.com/fenthope/compress/compress.go:193.20,195.39 2 1
github.com/fenthope/compress/compress.go:195.39,197.4 1 1
github.com/fenthope/compress/compress.go:198.3,198.17 1 1
github.com/fenthope/compress/compress.go:198.17,200.4 1 0
github.com/fenthope/compress/compress.go:201.3,201.101 1 1
github.com/fenthope/compress/compress.go:201.101,205.4 3 1
github.com/fenthope/compress/compress.go:207.3,208.54 2 1
github.com/fenthope/compress/compress.go:209.23,211.40 2 1
github.com/fenthope/compress/compress.go:211.40,213.4 1 1
github.com/fenthope/compress/compress.go:214.3,214.107 1 1
github.com/fenthope/compress/compress.go:214.107,218.4 3 1
github.com/fenthope/compress/compress.go:219.3,220.57 2 1
github.com/fenthope/compress/compress.go:221.20,225.84 2 1
github.com/fenthope/compress/compress.go:225.84,229.4 3 0
github.com/fenthope/compress/compress.go:230.3,231.59 2 1
github.com/fenthope/compress/compress.go:233.2,233.12 1 0
github.com/fenthope/compress/compress.go:237.74,238.31 1 1
github.com/fenthope/compress/compress.go:238.31,240.3 1 1
github.com/fenthope/compress/compress.go:241.2,241.18 1 1
github.com/fenthope/compress/compress.go:242.20,243.46 1 1
github.com/fenthope/compress/compress.go:243.46,245.44 2 1
github.com/fenthope/compress/compress.go:245.44,247.5 1 1
github.com/fenthope/compress/compress.go:248.4,248.22 1 1
github.com/fenthope/compress/compress.go:248.22,250.5 1 0
github.com/fenthope/compress/compress.go:251.4,251.87 1 1
github.com/fenthope/compress/compress.go:251.87,253.5 1 1
github.com/fenthope/compress/compress.go:255.23,256.48 1 1
github.com/fenthope/compress/compress.go:256.48,258.44 2 1
github.com/fenthope/compress/compress.go:258.44,260.5 1 1
github.com/fenthope/compress/compress.go:261.4,261.93 1 1
github.com/fenthope/compress/compress.go:261.93,263.5 1 1
github.com/fenthope/compress/compress.go:265.20,266.45 1 1
github.com/fenthope/compress/compress.go:266.45,267.69 1 1
github.com/fenthope/compress/compress.go:267.69,269.5 1 0
github.com/fenthope/compress/compress.go:286.26,286.62 1 1
github.com/fenthope/compress/compress.go:289.116,299.2 9 1
github.com/fenthope/compress/compress.go:301.65,302.27 1 1
github.com/fenthope/compress/compress.go:302.27,309.3 5 1
github.com/fenthope/compress/compress.go:311.2,312.37 2 1
github.com/fenthope/compress/compress.go:316.57,316.95 1 1
github.com/fenthope/compress/compress.go:318.64,319.21 1 1
github.com/fenthope/compress/compress.go:319.21,321.3 1 1
github.com/fenthope/compress/compress.go:322.2,326.173 3 1
github.com/fenthope/compress/compress.go:326.173,329.3 2 1
github.com/fenthope/compress/compress.go:331.2,331.51 1 1
github.com/fenthope/compress/compress.go:331.51,335.3 3 1
github.com/fenthope/compress/compress.go:338.2,340.33 3 1
github.com/fenthope/compress/compress.go:340.33,342.3 1 1
github.com/fenthope/compress/compress.go:343.2,344.38 2 1
github.com/fenthope/compress/compress.go:344.38,345.40 1 1
github.com/fenthope/compress/compress.go:345.40,347.9 2 1
github.com/fenthope/compress/compress.go:350.2,350.21 1 1
github.com/fenthope/compress/compress.go:350.21,354.3 3 1
github.com/fenthope/compress/compress.go:357.2,357.38 1 1
github.com/fenthope/compress/compress.go:357.38,358.66 1 1
github.com/fenthope/compress/compress.go:358.66,359.99 1 1
github.com/fenthope/compress/compress.go:359.99,363.5 3 1
github.com/fenthope/compress/compress.go:368.2,368.94 1 1
github.com/fenthope/compress/compress.go:368.94,372.3 3 0
github.com/fenthope/compress/compress.go:375.2,380.9 5 1
github.com/fenthope/compress/compress.go:380.9,381.29 1 0
github.com/fenthope/compress/compress.go:382.21,383.83 1 0
github.com/fenthope/compress/compress.go:384.24,385.84 1 0
github.com/fenthope/compress/compress.go:386.21,387.82 1 0
github.com/fenthope/compress/compress.go:388.11,391.10 3 0
github.com/fenthope/compress/compress.go:395.2,396.27 2 1
github.com/fenthope/compress/compress.go:396.27,402.3 5 0
github.com/fenthope/compress/compress.go:404.2,404.44 1 1
github.com/fenthope/compress/compress.go:407.68,408.22 1 1
github.com/fenthope/compress/compress.go:408.22,410.3 1 0
github.com/fenthope/compress/compress.go:411.2,411.48 1 1
github.com/fenthope/compress/compress.go:411.48,413.3 1 1
github.com/fenthope/compress/compress.go:414.2,414.39 1 1
github.com/fenthope/compress/compress.go:417.50,418.27 1 1
github.com/fenthope/compress/compress.go:418.28,424.3 0 0
github.com/fenthope/compress/compress.go:425.2,425.12 1 1
github.com/fenthope/compress/compress.go:428.44,429.48 1 1
github.com/fenthope/compress/compress.go:429.48,431.3 1 0
github.com/fenthope/compress/compress.go:432.2,432.53 1 1
github.com/fenthope/compress/compress.go:432.53,434.3 1 1
github.com/fenthope/compress/compress.go:437.82,438.54 1 0
github.com/fenthope/compress/compress.go:438.54,440.3 1 0
github.com/fenthope/compress/compress.go:441.2,441.121 1 0
github.com/fenthope/compress/compress.go:443.49,444.25 1 0
github.com/fenthope/compress/compress.go:444.25,446.3 1 0
github.com/fenthope/compress/compress.go:447.2,447.36 1 0
github.com/fenthope/compress/compress.go:449.51,449.87 1 0
github.com/fenthope/compress/compress.go:450.51,450.90 1 0
github.com/fenthope/compress/compress.go:456.58,457.129 1 1
github.com/fenthope/compress/compress.go:457.129,459.3 1 1
github.com/fenthope/compress/compress.go:462.2,462.28 1 1
github.com/fenthope/compress/compress.go:462.28,464.3 1 1
github.com/fenthope/compress/compress.go:465.2,465.49 1 1
github.com/fenthope/compress/compress.go:465.49,467.3 1 1
github.com/fenthope/compress/compress.go:468.2,468.52 1 1
github.com/fenthope/compress/compress.go:468.52,470.3 1 1
github.com/fenthope/compress/compress.go:475.2,475.37 1 1
github.com/fenthope/compress/compress.go:475.37,477.49 2 1
github.com/fenthope/compress/compress.go:477.49,479.4 1 0
github.com/fenthope/compress/compress.go:480.3,480.49 1 1
github.com/fenthope/compress/compress.go:480.49,482.4 1 1
github.com/fenthope/compress/compress.go:483.3,483.52 1 1
github.com/fenthope/compress/compress.go:483.52,485.4 1 1
github.com/fenthope/compress/compress.go:486.3,486.38 1 1
github.com/fenthope/compress/compress.go:489.2,489.32 1 1
github.com/fenthope/compress/compress.go:489.32,497.65 3 1
github.com/fenthope/compress/compress.go:497.65,500.4 2 1
github.com/fenthope/compress/compress.go:503.3,510.16 6 1
github.com/fenthope/compress/compress.go:510.16,515.4 2 1
github.com/fenthope/compress/compress.go:518.3,518.11 1 1
github.com/fenthope/compress/compress.go:527.49,537.2 1 1
github.com/fenthope/compress/compress.go:546.50,547.18 1 1
github.com/fenthope/compress/compress.go:547.18,549.3 1 1
github.com/fenthope/compress/compress.go:551.2,553.29 3 1
github.com/fenthope/compress/compress.go:553.29,555.17 2 1
github.com/fenthope/compress/compress.go:555.17,556.12 1 0
github.com/fenthope/compress/compress.go:559.3,563.22 4 1
github.com/fenthope/compress/compress.go:563.22,564.33 1 1
github.com/fenthope/compress/compress.go:564.33,566.35 2 1
github.com/fenthope/compress/compress.go:566.35,567.86 1 1
github.com/fenthope/compress/compress.go:567.86,568.33 1 1
github.com/fenthope/compress/compress.go:568.33,570.8 1 1
github.com/fenthope/compress/compress.go:570.13,570.26 1 1
github.com/fenthope/compress/compress.go:570.26,572.8 1 1
github.com/fenthope/compress/compress.go:572.13,574.8 1 1
github.com/fenthope/compress/compress.go:575.7,575.12 1 1
github.com/fenthope/compress/compress.go:576.12,578.12 2 1
github.com/fenthope/compress/compress.go:583.3,583.12 1 1
github.com/fenthope/compress/compress.go:583.12,585.4 1 1
github.com/fenthope/compress/compress.go:589.2,589.48 1 1
github.com/fenthope/compress/compress.go:589.48,591.3 1 1
github.com/fenthope/compress/compress.go:593.2,593.16 1 1
github.com/fenthope/compress/compress.go:597.114,598.27 1 1
github.com/fenthope/compress/compress.go:598.27,604.3 1 1
github.com/fenthope/compress/compress.go:607.2,611.35 4 1
github.com/fenthope/compress/compress.go:611.35,612.37 1 1
github.com/fenthope/compress/compress.go:612.37,616.4 2 1
github.com/fenthope/compress/compress.go:617.3,617.24 1 1
github.com/fenthope/compress/compress.go:617.24,621.4 1 1
github.com/fenthope/compress/compress.go:625.2,625.44 1 1
github.com/fenthope/compress/compress.go:625.44,626.78 1 1
github.com/fenthope/compress/compress.go:626.78,627.12 1 0
github.com/fenthope/compress/compress.go:630.3,630.42 1 1
github.com/fenthope/compress/compress.go:630.42,631.62 1 1
github.com/fenthope/compress/compress.go:631.62,639.86 1 1
github.com/fenthope/compress/compress.go:639.87,649.6 0 1
github.com/fenthope/compress/compress.go:650.5,650.26 1 1
github.com/fenthope/compress/compress.go:656.2,656.21 1 1
github.com/fenthope/compress/compress.go:656.21,657.45 1 1
github.com/fenthope/compress/compress.go:657.45,658.78 1 1
github.com/fenthope/compress/compress.go:658.78,662.5 1 1
github.com/fenthope/compress/compress.go:668.2,668.49 1 1
github.com/fenthope/compress/compress.go:668.49,670.3 1 1
github.com/fenthope/compress/compress.go:672.2,672.11 1 1
